<?xml version="1.0" encoding="UTF-8"?>
<testsuite name="FreemiumE2E" tests="1" skipped="0" failures="1" errors="0" timestamp="2022-06-13T16:09:53" hostname="ITRS-2079s-MacBook-Pro.local" time="5.598">
  <properties/>
  <testcase name="verifyFreemiumRestrictionsOnActivityTab" classname="FreemiumE2E" time="5.598">
    <failure message="org.openqa.selenium.StaleElementReferenceException: The previously found element &quot;&quot;MOD&quot; StaticText&quot; is not present in the current view anymore. Make sure the application UI has the expected state. You could also try to switch the binding strategy using the 'boundElementsByIndex' setting for the element lookup. Original error: No matches found for Identity Binding from input {(&#10;    StaticText,&#10;    StaticText,&#10;    StaticText,&#10;    StaticText,&#10;    StaticText,&#10;    StaticText,&#10;    StaticText,&#10;    StaticText,&#10;    StaticText,&#10;    StaticText,&#10;    StaticText,&#10;    StaticText,&#10;    StaticText,&#10;    StaticText&#10;)}&#10;For documentation on this error, please visit: https://www.seleniumhq.org/exceptions/stale_element_reference.html&#10;Build info: version: '3.141.59', revision: 'e82be7d358', time: '2018-11-14T08:17:03'&#10;System info: host: 'ITRS-2079s-MacBook-Pro.local', ip: 'fe80:0:0:0:421:9db:a2fc:a46b%en0', os.name: 'Mac OS X', os.arch: 'x86_64', os.version: '12.3.1', java.version: '1.8.0_322'&#10;Driver info: io.appium.java_client.ios.IOSDriver&#10;Capabilities {appActivity: com.diy.MainActivity, appPackage: com.diy.develop, automationName: XCuiTest, browserName: , databaseEnabled: false, deviceName: iPhone 13 Pro, javascriptEnabled: true, locationContextEnabled: false, networkConnectionEnabled: false, platform: MAC, platformName: IOS, takesScreenshot: true, udid: 237CB16C-A94E-4730-A4CE-B3A..., webStorageEnabled: false}&#10;Session ID: c41c1112-4f89-4733-8462-233f01ae1ced" type="org.openqa.selenium.StaleElementReferenceException">org.openqa.selenium.StaleElementReferenceException: The previously found element &quot;&quot;MOD&quot; StaticText&quot; is not present in the current view anymore. Make sure the application UI has the expected state. You could also try to switch the binding strategy using the 'boundElementsByIndex' setting for the element lookup. Original error: No matches found for Identity Binding from input {(
    StaticText,
    StaticText,
    StaticText,
    StaticText,
    StaticText,
    StaticText,
    StaticText,
    StaticText,
    StaticText,
    StaticText,
    StaticText,
    StaticText,
    StaticText,
    StaticText
)}
For documentation on this error, please visit: https://www.seleniumhq.org/exceptions/stale_element_reference.html
Build info: version: '3.141.59', revision: 'e82be7d358', time: '2018-11-14T08:17:03'
System info: host: 'ITRS-2079s-MacBook-Pro.local', ip: 'fe80:0:0:0:421:9db:a2fc:a46b%en0', os.name: 'Mac OS X', os.arch: 'x86_64', os.version: '12.3.1', java.version: '1.8.0_322'
Driver info: io.appium.java_client.ios.IOSDriver
Capabilities {appActivity: com.diy.MainActivity, appPackage: com.diy.develop, automationName: XCuiTest, browserName: , databaseEnabled: false, deviceName: iPhone 13 Pro, javascriptEnabled: true, locationContextEnabled: false, networkConnectionEnabled: false, platform: MAC, platformName: IOS, takesScreenshot: true, udid: 237CB16C-A94E-4730-A4CE-B3A..., webStorageEnabled: false}
Session ID: c41c1112-4f89-4733-8462-233f01ae1ced
	at sun.reflect.NativeConstructorAccessorImpl.newInstance0(Native Method)
	at sun.reflect.NativeConstructorAccessorImpl.newInstance(NativeConstructorAccessorImpl.java:62)
	at sun.reflect.DelegatingConstructorAccessorImpl.newInstance(DelegatingConstructorAccessorImpl.java:45)
	at java.lang.reflect.Constructor.newInstance(Constructor.java:423)
	at org.openqa.selenium.remote.http.W3CHttpResponseCodec.createException(W3CHttpResponseCodec.java:187)
	at org.openqa.selenium.remote.http.W3CHttpResponseCodec.decode(W3CHttpResponseCodec.java:122)
	at org.openqa.selenium.remote.http.W3CHttpResponseCodec.decode(W3CHttpResponseCodec.java:49)
	at org.openqa.selenium.remote.HttpCommandExecutor.execute(HttpCommandExecutor.java:158)
	at io.appium.java_client.remote.AppiumCommandExecutor.execute(AppiumCommandExecutor.java:239)
	at org.openqa.selenium.remote.RemoteWebDriver.execute(RemoteWebDriver.java:552)
	at io.appium.java_client.DefaultGenericMobileDriver.execute(DefaultGenericMobileDriver.java:41)
	at io.appium.java_client.AppiumDriver.execute(AppiumDriver.java:1)
	at io.appium.java_client.ios.IOSDriver.execute(IOSDriver.java:1)
	at org.openqa.selenium.remote.RemoteWebElement.execute(RemoteWebElement.java:285)
	at io.appium.java_client.DefaultGenericMobileElement.execute(DefaultGenericMobileElement.java:45)
	at io.appium.java_client.MobileElement.execute(MobileElement.java:1)
	at io.appium.java_client.ios.IOSElement.execute(IOSElement.java:1)
	at org.openqa.selenium.remote.RemoteWebElement.getText(RemoteWebElement.java:166)
	at FreemiumE2E.verifyFreemiumRestrictionsOnActivityTab(FreemiumE2E.java:71)
	at sun.reflect.NativeMethodAccessorImpl.invoke0(Native Method)
	at sun.reflect.NativeMethodAccessorImpl.invoke(NativeMethodAccessorImpl.java:62)
	at sun.reflect.DelegatingMethodAccessorImpl.invoke(DelegatingMethodAccessorImpl.java:43)
	at java.lang.reflect.Method.invoke(Method.java:498)
	at org.testng.internal.MethodInvocationHelper.invokeMethod(MethodInvocationHelper.java:134)
	at org.testng.internal.TestInvoker.invokeMethod(TestInvoker.java:597)
	at org.testng.internal.TestInvoker.invokeTestMethod(TestInvoker.java:173)
	at org.testng.internal.MethodRunner.runInSequence(MethodRunner.java:46)
	at org.testng.internal.TestInvoker$MethodInvocationAgent.invoke(TestInvoker.java:816)
	at org.testng.internal.TestInvoker.invokeTestMethods(TestInvoker.java:146)
	at org.testng.internal.TestMethodWorker.invokeTestMethods(TestMethodWorker.java:146)
	at org.testng.internal.TestMethodWorker.run(TestMethodWorker.java:128)
	at java.util.ArrayList.forEach(ArrayList.java:1259)
	at org.testng.TestRunner.privateRun(TestRunner.java:766)
	at org.testng.TestRunner.run(TestRunner.java:587)
	at org.testng.SuiteRunner.runTest(SuiteRunner.java:384)
	at org.testng.SuiteRunner.runSequentially(SuiteRunner.java:378)
	at org.testng.SuiteRunner.privateRun(SuiteRunner.java:337)
	at org.testng.SuiteRunner.run(SuiteRunner.java:286)
	at org.testng.SuiteRunnerWorker.runSuite(SuiteRunnerWorker.java:53)
	at org.testng.SuiteRunnerWorker.run(SuiteRunnerWorker.java:96)
	at org.testng.TestNG.runSuitesSequentially(TestNG.java:1187)
	at org.testng.TestNG.runSuitesLocally(TestNG.java:1109)
	at org.testng.TestNG.runSuites(TestNG.java:1039)
	at org.testng.TestNG.run(TestNG.java:1007)
	at org.gradle.api.internal.tasks.testing.testng.TestNGTestClassProcessor.runTests(TestNGTestClassProcessor.java:141)
	at org.gradle.api.internal.tasks.testing.testng.TestNGTestClassProcessor.stop(TestNGTestClassProcessor.java:90)
	at org.gradle.api.internal.tasks.testing.SuiteTestClassProcessor.stop(SuiteTestClassProcessor.java:61)
	at sun.reflect.NativeMethodAccessorImpl.invoke0(Native Method)
	at sun.reflect.NativeMethodAccessorImpl.invoke(NativeMethodAccessorImpl.java:62)
	at sun.reflect.DelegatingMethodAccessorImpl.invoke(DelegatingMethodAccessorImpl.java:43)
	at java.lang.reflect.Method.invoke(Method.java:498)
	at org.gradle.internal.dispatch.ReflectionDispatch.dispatch(ReflectionDispatch.java:36)
	at org.gradle.internal.dispatch.ReflectionDispatch.dispatch(ReflectionDispatch.java:24)
	at org.gradle.internal.dispatch.ContextClassLoaderDispatch.dispatch(ContextClassLoaderDispatch.java:33)
	at org.gradle.internal.dispatch.ProxyDispatchAdapter$DispatchingInvocationHandler.invoke(ProxyDispatchAdapter.java:94)
	at com.sun.proxy.$Proxy2.stop(Unknown Source)
	at org.gradle.api.internal.tasks.testing.worker.TestWorker.stop(TestWorker.java:135)
	at sun.reflect.NativeMethodAccessorImpl.invoke0(Native Method)
	at sun.reflect.NativeMethodAccessorImpl.invoke(NativeMethodAccessorImpl.java:62)
	at sun.reflect.DelegatingMethodAccessorImpl.invoke(DelegatingMethodAccessorImpl.java:43)
	at java.lang.reflect.Method.invoke(Method.java:498)
	at org.gradle.internal.dispatch.ReflectionDispatch.dispatch(ReflectionDispatch.java:36)
	at org.gradle.internal.dispatch.ReflectionDispatch.dispatch(ReflectionDispatch.java:24)
	at org.gradle.internal.remote.internal.hub.MessageHubBackedObjectConnection$DispatchWrapper.dispatch(MessageHubBackedObjectConnection.java:182)
	at org.gradle.internal.remote.internal.hub.MessageHubBackedObjectConnection$DispatchWrapper.dispatch(MessageHubBackedObjectConnection.java:164)
	at org.gradle.internal.remote.internal.hub.MessageHub$Handler.run(MessageHub.java:414)
	at org.gradle.internal.concurrent.ExecutorPolicy$CatchAndRecordFailures.onExecute(ExecutorPolicy.java:64)
	at org.gradle.internal.concurrent.ManagedExecutorImpl$1.run(ManagedExecutorImpl.java:48)
	at java.util.concurrent.ThreadPoolExecutor.runWorker(ThreadPoolExecutor.java:1149)
	at java.util.concurrent.ThreadPoolExecutor$Worker.run(ThreadPoolExecutor.java:624)
	at org.gradle.internal.concurrent.ThreadFactoryImpl$ManagedThreadRunnable.run(ThreadFactoryImpl.java:56)
	at java.lang.Thread.run(Thread.java:750)
</failure>
  </testcase>
  <system-out><![CDATA[?[35m[Appium]?[39m Welcome to Appium v1.22.3
?[35m[Appium]?[39m Non-default server args:
?[35m[Appium]?[39m   port: 14511
?[35m[Appium]?[39m Appium REST http interface listener started on 0.0.0.0:14511
?[35m[HTTP]?[39m ?[37m-->?[39m ?[37mGET?[39m ?[37m/wd/hub/status?[39m
?[35m[HTTP]?[39m ?[90m{}?[39m
[debug] ?[35m[GENERIC]?[39m Calling AppiumDriver.getStatus() with args: []
[debug] ?[35m[GENERIC]?[39m Responding to client with driver.getStatus() result: {"build":{"version":"1.22.3"}}
?[35m[HTTP]?[39m ?[37m<-- GET /wd/hub/status ?[39m?[32m200?[39m ?[90m5 ms - 68?[39m
?[35m[HTTP]?[39m ?[90m?[39m
Following
6h
Build a night navigation device with littleBits
kidiy
0
MOD
Add a comment...
5 hours ago
kidiy
]]></system-out>
  <system-err><![CDATA[Jun 13, 2022 9:39:52 PM io.appium.java_client.remote.AppiumCommandExecutor$1 lambda$0
INFO: Detected dialect: W3C
]]></system-err>
</testsuite>
